<?xml version="1.0" encoding="UTF-8"?>
<!-- Generated by org.testng.reporters.JUnitXMLReporter -->
<testsuite hostname="LAPTOP-SAYANTANM3" failures="0" tests="22" name="Default test" time="26.348" errors="0" timestamp="26 May 2021 12:12:53 GMT">
  <testcase classname="testScenarios.TS1_navigateToCabs" name="popUppresent" time="0.081"/>
  <testcase classname="testScenarios.TS1_navigateToCabs" name="navigateToCabs" time="0.702"/>
  <testcase classname="testScenarios.TS3_bookACab" name="selectOneWayBooking" time="0.133"/>
  <testcase classname="testScenarios.TS3_bookACab" name="enterSourceCity" time="0.86"/>
  <testcase classname="testScenarios.TS3_bookACab" name="enterSameCity" time="2.489"/>
  <testcase classname="testScenarios.TS3_bookACab" name="enterDestinationCity" time="0.414"/>
  <testcase classname="testScenarios.TS3_bookACab" name="enterDepartureDate" time="0.357"/>
  <testcase classname="testScenarios.TS3_bookACab" name="selectPickupTime" time="0.283"/>
  <testcase classname="testScenarios.TS3_bookACab" name="clickSearch" time="3.698"/>
  <testcase classname="testScenarios.TS4_searchResultCabs" name="selectCarType" time="2.035"/>
  <testcase classname="testScenarios.TS4_searchResultCabs" name="filterPrice" time="0.193"/>
  <testcase classname="testScenarios.TS4_searchResultCabs" name="displayAvailableCars" time="0.949"/>
  <testcase classname="testScenarios.TS4_searchResultCabs" name="displayLowestPrice" time="2.41"/>
  <testcase classname="testScenarios.TS2_navigateToHotels" name="navigateToHotels" time="1.159"/>
  <testcase classname="testScenarios.TS2_navigateToHotels" name="checkforPopUps" time="0.24"/>
  <testcase classname="testScenarios.TS6_bookHotel" name="selectCity" time="1.519"/>
  <testcase classname="testScenarios.TS6_bookHotel" name="enterCheckInDate" time="0.388"/>
  <testcase classname="testScenarios.TS6_bookHotel" name="enterCheckOutDate" time="0.11"/>
  <testcase classname="testScenarios.TS6_bookHotel" name="enterRooms" time="0.522"/>
  <testcase classname="testScenarios.TS2_navigateToGiftCards" name="navigateToGiftCard" time="2.689"/>
  <testcase classname="testScenarios.TS5_groupGifting" name="selectGroupGifting" time="5.057"/>
  <testcase classname="testScenarios.TS5_groupGifting" name="enterCardDetails" time="0.008"/>
</testsuite> <!-- Default test -->
